{"C:\\Users\\ivoiv\\Desktop\\repos\\Testing-Practice\\functions\\functions.js": {"path":"C:\\Users\\ivoiv\\Desktop\\repos\\Testing-Practice\\functions\\functions.js","statementMap":{"0":{"start":{"line":2,"column":2},"end":{"line":2,"column":58}},"1":{"start":{"line":8,"column":23},"end":{"line":8,"column":25}},"2":{"start":{"line":9,"column":2},"end":{"line":11,"column":3}},"3":{"start":{"line":9,"column":15},"end":{"line":9,"column":32}},"4":{"start":{"line":10,"column":4},"end":{"line":10,"column":32}},"5":{"start":{"line":12,"column":2},"end":{"line":12,"column":24}},"6":{"start":{"line":17,"column":26},"end":{"line":27,"column":1}},"7":{"start":{"line":18,"column":17},"end":{"line":18,"column":22}},"8":{"start":{"line":19,"column":22},"end":{"line":19,"column":27}},"9":{"start":{"line":21,"column":4},"end":{"line":23,"column":5}},"10":{"start":{"line":22,"column":6},"end":{"line":22,"column":58}},"11":{"start":{"line":24,"column":4},"end":{"line":24,"column":17}},"12":{"start":{"line":26,"column":22},"end":{"line":26,"column":27}},"13":{"start":{"line":33,"column":4},"end":{"line":33,"column":71}},"14":{"start":{"line":34,"column":23},"end":{"line":34,"column":25}},"15":{"start":{"line":36,"column":4},"end":{"line":36,"column":65}},"16":{"start":{"line":38,"column":2},"end":{"line":40,"column":3}},"17":{"start":{"line":39,"column":4},"end":{"line":39,"column":32}},"18":{"start":{"line":42,"column":2},"end":{"line":42,"column":42}},"19":{"start":{"line":46,"column":2},"end":{"line":55,"column":14}},"20":{"start":{"line":49,"column":6},"end":{"line":53,"column":7}},"21":{"start":{"line":50,"column":8},"end":{"line":50,"column":38}},"22":{"start":{"line":52,"column":8},"end":{"line":52,"column":20}},"23":{"start":{"line":61,"column":12},"end":{"line":61,"column":13}},"24":{"start":{"line":62,"column":2},"end":{"line":64,"column":3}},"25":{"start":{"line":62,"column":15},"end":{"line":62,"column":16}},"26":{"start":{"line":63,"column":4},"end":{"line":63,"column":20}},"27":{"start":{"line":65,"column":2},"end":{"line":65,"column":42}},"28":{"start":{"line":69,"column":12},"end":{"line":69,"column":20}},"29":{"start":{"line":70,"column":2},"end":{"line":74,"column":3}},"30":{"start":{"line":70,"column":15},"end":{"line":70,"column":16}},"31":{"start":{"line":71,"column":4},"end":{"line":73,"column":5}},"32":{"start":{"line":72,"column":6},"end":{"line":72,"column":21}},"33":{"start":{"line":75,"column":2},"end":{"line":75,"column":13}},"34":{"start":{"line":79,"column":12},"end":{"line":79,"column":20}},"35":{"start":{"line":80,"column":2},"end":{"line":84,"column":3}},"36":{"start":{"line":80,"column":15},"end":{"line":80,"column":16}},"37":{"start":{"line":81,"column":4},"end":{"line":83,"column":5}},"38":{"start":{"line":82,"column":6},"end":{"line":82,"column":21}},"39":{"start":{"line":85,"column":2},"end":{"line":85,"column":13}},"40":{"start":{"line":89,"column":2},"end":{"line":89,"column":22}},"41":{"start":{"line":93,"column":2},"end":{"line":98,"column":4}}},"fnMap":{"0":{"name":"capitalize","decl":{"start":{"line":1,"column":16},"end":{"line":1,"column":26}},"loc":{"start":{"line":1,"column":35},"end":{"line":3,"column":1}},"line":1},"1":{"name":"reverseString","decl":{"start":{"line":7,"column":16},"end":{"line":7,"column":29}},"loc":{"start":{"line":7,"column":38},"end":{"line":13,"column":1}},"line":7},"2":{"name":"(anonymous_2)","decl":{"start":{"line":18,"column":7},"end":{"line":18,"column":8}},"loc":{"start":{"line":18,"column":17},"end":{"line":18,"column":22}},"line":18},"3":{"name":"(anonymous_3)","decl":{"start":{"line":19,"column":12},"end":{"line":19,"column":13}},"loc":{"start":{"line":19,"column":22},"end":{"line":19,"column":27}},"line":19},"4":{"name":"(anonymous_4)","decl":{"start":{"line":20,"column":10},"end":{"line":20,"column":11}},"loc":{"start":{"line":20,"column":20},"end":{"line":25,"column":3}},"line":20},"5":{"name":"(anonymous_5)","decl":{"start":{"line":26,"column":12},"end":{"line":26,"column":13}},"loc":{"start":{"line":26,"column":22},"end":{"line":26,"column":27}},"line":26},"6":{"name":"shiftChar","decl":{"start":{"line":31,"column":9},"end":{"line":31,"column":18}},"loc":{"start":{"line":31,"column":32},"end":{"line":43,"column":1}},"line":31},"7":{"name":"caesarCipher","decl":{"start":{"line":45,"column":16},"end":{"line":45,"column":28}},"loc":{"start":{"line":45,"column":41},"end":{"line":56,"column":1}},"line":45},"8":{"name":"(anonymous_8)","decl":{"start":{"line":48,"column":9},"end":{"line":48,"column":10}},"loc":{"start":{"line":48,"column":19},"end":{"line":54,"column":5}},"line":48},"9":{"name":"findAverage","decl":{"start":{"line":60,"column":9},"end":{"line":60,"column":20}},"loc":{"start":{"line":60,"column":28},"end":{"line":66,"column":1}},"line":60},"10":{"name":"findMinimum","decl":{"start":{"line":68,"column":9},"end":{"line":68,"column":20}},"loc":{"start":{"line":68,"column":28},"end":{"line":76,"column":1}},"line":68},"11":{"name":"findMaximum","decl":{"start":{"line":78,"column":9},"end":{"line":78,"column":20}},"loc":{"start":{"line":78,"column":28},"end":{"line":86,"column":1}},"line":78},"12":{"name":"findLength","decl":{"start":{"line":88,"column":9},"end":{"line":88,"column":19}},"loc":{"start":{"line":88,"column":27},"end":{"line":90,"column":1}},"line":88},"13":{"name":"analyzeArray","decl":{"start":{"line":92,"column":16},"end":{"line":92,"column":28}},"loc":{"start":{"line":92,"column":36},"end":{"line":99,"column":1}},"line":92}},"branchMap":{"0":{"loc":{"start":{"line":21,"column":4},"end":{"line":23,"column":5}},"type":"if","locations":[{"start":{"line":21,"column":4},"end":{"line":23,"column":5}},{"start":{},"end":{}}],"line":21},"1":{"loc":{"start":{"line":33,"column":4},"end":{"line":33,"column":71}},"type":"cond-expr","locations":[{"start":{"line":33,"column":34},"end":{"line":33,"column":51}},{"start":{"line":33,"column":54},"end":{"line":33,"column":71}}],"line":33},"2":{"loc":{"start":{"line":38,"column":2},"end":{"line":40,"column":3}},"type":"if","locations":[{"start":{"line":38,"column":2},"end":{"line":40,"column":3}},{"start":{},"end":{}}],"line":38},"3":{"loc":{"start":{"line":49,"column":6},"end":{"line":53,"column":7}},"type":"if","locations":[{"start":{"line":49,"column":6},"end":{"line":53,"column":7}},{"start":{"line":51,"column":13},"end":{"line":53,"column":7}}],"line":49},"4":{"loc":{"start":{"line":71,"column":4},"end":{"line":73,"column":5}},"type":"if","locations":[{"start":{"line":71,"column":4},"end":{"line":73,"column":5}},{"start":{},"end":{}}],"line":71},"5":{"loc":{"start":{"line":81,"column":4},"end":{"line":83,"column":5}},"type":"if","locations":[{"start":{"line":81,"column":4},"end":{"line":83,"column":5}},{"start":{},"end":{}}],"line":81}},"s":{"0":3,"1":3,"2":3,"3":3,"4":37,"5":3,"6":5,"7":1,"8":1,"9":3,"10":1,"11":2,"12":3,"13":31,"14":31,"15":31,"16":31,"17":3,"18":31,"19":5,"20":37,"21":31,"22":6,"23":3,"24":3,"25":3,"26":12,"27":3,"28":3,"29":3,"30":3,"31":12,"32":3,"33":3,"34":3,"35":3,"36":3,"37":12,"38":4,"39":3,"40":3,"41":3},"f":{"0":3,"1":3,"2":1,"3":1,"4":3,"5":3,"6":31,"7":5,"8":37,"9":3,"10":3,"11":3,"12":3,"13":3},"b":{"0":[1,2],"1":[7,24],"2":[3,28],"3":[31,6],"4":[3,9],"5":[4,8]},"_coverageSchema":"1a1c01bbd47fc00a2c39e90264f33305004495a9","hash":"718b22cf53ea7925449d3d0c4dae561d0695a7b3"}
}
