TN:
SF:functions\functions.js
FN:1,capitalize
FN:7,reverseString
FN:18,(anonymous_2)
FN:19,(anonymous_3)
FN:20,(anonymous_4)
FN:26,(anonymous_5)
FN:31,shiftChar
FN:45,caesarCipher
FN:48,(anonymous_8)
FN:60,findAverage
FN:68,findMinimum
FN:78,findMaximum
FN:88,findLength
FN:92,analyzeArray
FNF:14
FNH:14
FNDA:3,capitalize
FNDA:3,reverseString
FNDA:1,(anonymous_2)
FNDA:1,(anonymous_3)
FNDA:3,(anonymous_4)
FNDA:3,(anonymous_5)
FNDA:31,shiftChar
FNDA:5,caesarCipher
FNDA:37,(anonymous_8)
FNDA:3,findAverage
FNDA:3,findMinimum
FNDA:3,findMaximum
FNDA:3,findLength
FNDA:3,analyzeArray
DA:2,3
DA:8,3
DA:9,3
DA:10,37
DA:12,3
DA:17,5
DA:18,1
DA:19,1
DA:21,3
DA:22,1
DA:24,2
DA:26,3
DA:33,31
DA:34,31
DA:36,31
DA:38,31
DA:39,3
DA:42,31
DA:46,5
DA:49,37
DA:50,31
DA:52,6
DA:61,3
DA:62,3
DA:63,12
DA:65,3
DA:69,3
DA:70,3
DA:71,12
DA:72,3
DA:75,3
DA:79,3
DA:80,3
DA:81,12
DA:82,4
DA:85,3
DA:89,3
DA:93,3
LF:38
LH:38
BRDA:21,0,0,1
BRDA:21,0,1,2
BRDA:33,1,0,7
BRDA:33,1,1,24
BRDA:38,2,0,3
BRDA:38,2,1,28
BRDA:49,3,0,31
BRDA:49,3,1,6
BRDA:71,4,0,3
BRDA:71,4,1,9
BRDA:81,5,0,4
BRDA:81,5,1,8
BRF:12
BRH:12
end_of_record
